f:\unnc\y3-graphics\cw\3\coursework3\coursework3\x64\debug\vc142.pdb
f:\unnc\y3-graphics\cw\3\coursework3\coursework3\x64\debug\vc142.idb
f:\unnc\y3-graphics\cw\3\coursework3\coursework3\x64\debug\glad.obj
f:\unnc\y3-graphics\cw\3\coursework3\coursework3\x64\debug\utilities.obj
f:\unnc\y3-graphics\cw\3\coursework3\coursework3\x64\debug\texture.obj
f:\unnc\y3-graphics\cw\3\coursework3\coursework3\x64\debug\sphere.obj
f:\unnc\y3-graphics\cw\3\coursework3\coursework3\x64\debug\shader.obj
f:\unnc\y3-graphics\cw\3\coursework3\coursework3\x64\debug\mtlparser.obj
f:\unnc\y3-graphics\cw\3\coursework3\coursework3\x64\debug\model.obj
f:\unnc\y3-graphics\cw\3\coursework3\coursework3\x64\debug\mesh.obj
f:\unnc\y3-graphics\cw\3\coursework3\coursework3\x64\debug\main.obj
f:\unnc\y3-graphics\cw\3\coursework3\coursework3\x64\debug\skybox.obj
f:\unnc\y3-graphics\cw\3\coursework3\coursework3\x64\debug\camera.obj
f:\unnc\y3-graphics\cw\3\coursework3\coursework3\x64\debug\glfwwindow.obj
f:\unnc\y3-graphics\cw\3\coursework3\coursework3\x64\debug\bitmap.obj
f:\unnc\y3-graphics\cw\3\coursework3\x64\debug\coursework3.exe
f:\unnc\y3-graphics\cw\3\coursework3\x64\debug\coursework3.pdb
f:\unnc\y3-graphics\cw\3\coursework3\coursework3\x64\debug\callbacks.obj
f:\unnc\y3-graphics\cw\3\coursework3\coursework3\x64\debug\coursework3.tlog\cl.command.1.tlog
f:\unnc\y3-graphics\cw\3\coursework3\coursework3\x64\debug\coursework3.tlog\cl.read.1.tlog
f:\unnc\y3-graphics\cw\3\coursework3\coursework3\x64\debug\coursework3.tlog\cl.write.1.tlog
f:\unnc\y3-graphics\cw\3\coursework3\coursework3\x64\debug\coursework3.tlog\link.command.1.tlog
f:\unnc\y3-graphics\cw\3\coursework3\coursework3\x64\debug\coursework3.tlog\link.read.1.tlog
f:\unnc\y3-graphics\cw\3\coursework3\coursework3\x64\debug\coursework3.tlog\link.write.1.tlog
