  glad.c
  Bitmap.cpp
D:\Windows Kits\10\Include\10.0.19041.0\shared\minwindef.h(130,1): warning C4005: 'APIENTRY': macro redefinition
F:\UNNC\Y3-graphics\cw\3\coursework3\include\glad\glad.h(32): message : see previous definition of 'APIENTRY'
  GLFWwindow.cpp
D:\Windows Kits\10\Include\10.0.19041.0\shared\minwindef.h(130,1): warning C4005: 'APIENTRY': macro redefinition
F:\UNNC\Y3-graphics\cw\3\coursework3\include\glad\glad.h(32): message : see previous definition of 'APIENTRY'
  Camera.cpp
  Skybox.cpp
D:\Windows Kits\10\Include\10.0.19041.0\shared\minwindef.h(130,1): warning C4005: 'APIENTRY': macro redefinition
F:\UNNC\Y3-graphics\cw\3\coursework3\include\glad\glad.h(32): message : see previous definition of 'APIENTRY'
  main.cpp
D:\Windows Kits\10\Include\10.0.19041.0\shared\minwindef.h(130,1): warning C4005: 'APIENTRY': macro redefinition
F:\UNNC\Y3-graphics\cw\3\coursework3\include\glad\glad.h(32): message : see previous definition of 'APIENTRY'
F:\UNNC\Y3-graphics\cw\3\coursework3\coursework3\Sphere.h(26,20): warning C4305: 'initializing': truncation from 'double' to 'const float'
F:\UNNC\Y3-graphics\cw\3\coursework3\coursework3\main.cpp(167,42): warning C4244: 'argument': conversion from 'double' to 'GLfloat', possible loss of data
F:\UNNC\Y3-graphics\cw\3\coursework3\coursework3\main.cpp(167,33): warning C4244: 'argument': conversion from 'double' to 'GLfloat', possible loss of data
  Mesh.cpp
D:\Windows Kits\10\Include\10.0.19041.0\shared\minwindef.h(130,1): warning C4005: 'APIENTRY': macro redefinition
F:\UNNC\Y3-graphics\cw\3\coursework3\include\glad\glad.h(32): message : see previous definition of 'APIENTRY'
F:\UNNC\Y3-graphics\cw\3\coursework3\coursework3\Mesh.cpp(92,55): warning C4267: 'argument': conversion from 'size_t' to 'GLsizei', possible loss of data
  Model.cpp
D:\Windows Kits\10\Include\10.0.19041.0\shared\minwindef.h(130,1): warning C4005: 'APIENTRY': macro redefinition
F:\UNNC\Y3-graphics\cw\3\coursework3\include\glad\glad.h(32): message : see previous definition of 'APIENTRY'
F:\UNNC\Y3-graphics\cw\3\coursework3\coursework3\Model.cpp(144,77): warning C4244: 'argument': conversion from 'T' to 'const unsigned __int64', possible loss of data
          with
          [
              T=float
          ]
F:\UNNC\Y3-graphics\cw\3\coursework3\coursework3\Model.cpp(145,77): warning C4244: 'argument': conversion from 'T' to 'const unsigned __int64', possible loss of data
          with
          [
              T=float
          ]
F:\UNNC\Y3-graphics\cw\3\coursework3\coursework3\Model.cpp(146,77): warning C4244: 'argument': conversion from 'T' to 'const unsigned __int64', possible loss of data
          with
          [
              T=float
          ]
F:\UNNC\Y3-graphics\cw\3\coursework3\coursework3\Model.cpp(154,81): warning C4244: 'argument': conversion from 'T' to 'const unsigned __int64', possible loss of data
          with
          [
              T=float
          ]
F:\UNNC\Y3-graphics\cw\3\coursework3\coursework3\Model.cpp(155,81): warning C4244: 'argument': conversion from 'T' to 'const unsigned __int64', possible loss of data
          with
          [
              T=float
          ]
F:\UNNC\Y3-graphics\cw\3\coursework3\coursework3\Model.cpp(156,81): warning C4244: 'argument': conversion from 'T' to 'const unsigned __int64', possible loss of data
          with
          [
              T=float
          ]
F:\UNNC\Y3-graphics\cw\3\coursework3\coursework3\Model.cpp(166,79): warning C4244: 'argument': conversion from 'T' to 'const unsigned __int64', possible loss of data
          with
          [
              T=float
          ]
F:\UNNC\Y3-graphics\cw\3\coursework3\coursework3\Model.cpp(167,79): warning C4244: 'argument': conversion from 'T' to 'const unsigned __int64', possible loss of data
          with
          [
              T=float
          ]
F:\UNNC\Y3-graphics\cw\3\coursework3\coursework3\Model.cpp(168,79): warning C4244: 'argument': conversion from 'T' to 'const unsigned __int64', possible loss of data
          with
          [
              T=float
          ]
  MTLParser.cpp
D:\Windows Kits\10\Include\10.0.19041.0\shared\minwindef.h(130,1): warning C4005: 'APIENTRY': macro redefinition
F:\UNNC\Y3-graphics\cw\3\coursework3\include\glad\glad.h(32): message : see previous definition of 'APIENTRY'
  Shader.cpp
  Sphere.cpp
F:\UNNC\Y3-graphics\cw\3\coursework3\coursework3\Sphere.h(26,20): warning C4305: 'initializing': truncation from 'double' to 'const float'
F:\UNNC\Y3-graphics\cw\3\coursework3\coursework3\Sphere.cpp(56,32): warning C4267: '=': conversion from 'size_t' to 'unsigned int', possible loss of data
F:\UNNC\Y3-graphics\cw\3\coursework3\coursework3\Sphere.cpp(82,53): warning C4244: 'argument': conversion from 'float' to 'GLsizei', possible loss of data
F:\UNNC\Y3-graphics\cw\3\coursework3\coursework3\Sphere.cpp(84,53): warning C4244: 'argument': conversion from 'float' to 'GLsizei', possible loss of data
F:\UNNC\Y3-graphics\cw\3\coursework3\coursework3\Sphere.cpp(86,53): warning C4244: 'argument': conversion from 'float' to 'GLsizei', possible loss of data
  Texture.cpp
D:\Windows Kits\10\Include\10.0.19041.0\shared\minwindef.h(130,1): warning C4005: 'APIENTRY': macro redefinition
F:\UNNC\Y3-graphics\cw\3\coursework3\include\glad\glad.h(32): message : see previous definition of 'APIENTRY'
  Utilities.cpp
F:\UNNC\Y3-graphics\cw\3\coursework3\coursework3\Utilities.cpp(40,38): warning C4267: 'initializing': conversion from 'size_t' to 'long', possible loss of data
  Generating code
  Previous IPDB was built with incompatible compiler, fall back to full compilation.
F:\UNNC\Y3-graphics\cw\3\coursework3\coursework3\Bitmap.cpp(46): warning C4715: 'loadbitmap': not all control paths return a value
  All 1084 functions were compiled because no usable IPDB/IOBJ from previous compilation was found.
  Finished generating code
  coursework3.vcxproj -> F:\UNNC\Y3-graphics\cw\3\coursework3\x64\Release\coursework3.exe
