f:\unnc\y3-graphics\cw\3\coursework3\coursework3\x64\release\vc142.pdb
f:\unnc\y3-graphics\cw\3\coursework3\coursework3\x64\release\glad.obj
f:\unnc\y3-graphics\cw\3\coursework3\coursework3\x64\release\utilities.obj
f:\unnc\y3-graphics\cw\3\coursework3\coursework3\x64\release\texture.obj
f:\unnc\y3-graphics\cw\3\coursework3\coursework3\x64\release\sphere.obj
f:\unnc\y3-graphics\cw\3\coursework3\coursework3\x64\release\shader.obj
f:\unnc\y3-graphics\cw\3\coursework3\coursework3\x64\release\mtlparser.obj
f:\unnc\y3-graphics\cw\3\coursework3\coursework3\x64\release\model.obj
f:\unnc\y3-graphics\cw\3\coursework3\coursework3\x64\release\mesh.obj
f:\unnc\y3-graphics\cw\3\coursework3\coursework3\x64\release\main.obj
f:\unnc\y3-graphics\cw\3\coursework3\coursework3\x64\release\skybox.obj
f:\unnc\y3-graphics\cw\3\coursework3\coursework3\x64\release\camera.obj
f:\unnc\y3-graphics\cw\3\coursework3\coursework3\x64\release\glfwwindow.obj
f:\unnc\y3-graphics\cw\3\coursework3\coursework3\x64\release\bitmap.obj
f:\unnc\y3-graphics\cw\3\coursework3\x64\release\coursework3.exe
f:\unnc\y3-graphics\cw\3\coursework3\coursework3\x64\release\coursework3.ipdb
f:\unnc\y3-graphics\cw\3\coursework3\coursework3\x64\release\coursework3.iobj
f:\unnc\y3-graphics\cw\3\coursework3\x64\release\coursework3.pdb
f:\unnc\y3-graphics\cw\3\coursework3\coursework3\x64\release\coursework3.tlog\cl.command.1.tlog
f:\unnc\y3-graphics\cw\3\coursework3\coursework3\x64\release\coursework3.tlog\cl.read.1.tlog
f:\unnc\y3-graphics\cw\3\coursework3\coursework3\x64\release\coursework3.tlog\cl.write.1.tlog
f:\unnc\y3-graphics\cw\3\coursework3\coursework3\x64\release\coursework3.tlog\link.command.1.tlog
f:\unnc\y3-graphics\cw\3\coursework3\coursework3\x64\release\coursework3.tlog\link.read.1.tlog
f:\unnc\y3-graphics\cw\3\coursework3\coursework3\x64\release\coursework3.tlog\link.write.1.tlog
